Turbo Assembler	 Version 4.1	    02/16/19 19:56:25	    Page 1
code.asm



      1	0000			     .model tiny
      2	0000			     .code
      3
      4				     org 100h
      5
      6
      7	0100  BB 0008		     start: mov	bx, 1000b ; put	some number to register
      8	0103  8B C3			    mov	ax, bx
      9	0105  B2 02			    mov	dl, 2 ;	put 2 to divisor
     10	0107  B9 0001			    mov	cx, 1
     11
     12	010A  F6 F2		     division: div dl
     13	010C  80 C4 30			       add ah, '0' ; number to ascii
     14
     15	010F  8A D4			       mov dl, ah  ; number to print
     16	0111  8A F0			       mov dh, al
     17
     18	0113  B8 0000			       mov ax, 0
     19	0116  8A C2			       mov al, dl
     20	0118  50			       push ax
     21	0119  41			       inc cx
     22
     23	011A  B2 02			       mov dl, 2 ; put 2 as divider
     24
     25	011C  B4 00			       mov ah, 0 ; remained part to 0
     26	011E  8A C6			       mov al, dh ; put	quotient to ax
     27	0120  3C 00			       cmp al, 0 ; if =	0 go out of function
     28	0122  75 E6			      jne division
     29
     30	0124				    printing:
     31	0124  58				      pop ax
     32	0125  8A D0				      mov dl, al
     33	0127  B4 02				      mov ah, 2
     34	0129  CD 21				      int 21h
     35	012B  49				      dec cx
     36	012C  83 F9 00				      cmp cx, 0
     37	012F  75 F3				      jne printing
     38
     39	0131  B8 4C00			    mov	ax, 4c00h
     40
     41	0134  CD 21			    int	21h
     42
     43				     end start
Turbo Assembler	 Version 4.1	    02/16/19 19:56:25	    Page 2
Symbol Table




Symbol Name			  Type	 Value

??DATE				  Text	 "02/16/19"
??FILENAME			  Text	 "code	  "
??TIME				  Text	 "19:56:25"
??VERSION			  Number 040A
@32BIT				  Text	 0
@CODE				  Text	 DGROUP
@CODESIZE			  Text	 0
@CPU				  Text	 0101H
@CURSEG				  Text	 _TEXT
@DATA				  Text	 DGROUP
@DATASIZE			  Text	 0
@FILENAME			  Text	 CODE
@INTERFACE			  Text	 000H
@MODEL				  Text	 1
@STACK				  Text	 DGROUP
@WORDSIZE			  Text	 2
DIVISION			  Near	 DGROUP:010A
PRINTING			  Near	 DGROUP:0124
START				  Near	 DGROUP:0100

Groups & Segments		  Bit Size Align  Combine Class

DGROUP				  Group
  _DATA				  16  0000 Word	  Public  DATA
  _TEXT				  16  0136 Word	  Public  CODE
